<?xml version="1.0" encoding="UTF-8"?>
<!-- Generated by org.testng.reporters.JUnitReportReporter -->
<testsuite skipped="0" hostname="DESKTOP-TLNVACJ" name="googleSearchTest.GoolgeSearchTest" tests="1" failures="0" timestamp="20 Nov 2020 12:03:17 GMT" time="13.827" errors="0">
  <testcase name="GSearch" time="13.827" classname="googleSearchTest.GoolgeSearchTest"/>
</testsuite> <!-- googleSearchTest.GoolgeSearchTest -->
